

times in msec
 clock   self+sourced   self:  sourced script
 clock   elapsed:              other lines

000.019  000.019: --- NVIM STARTING ---
000.186  000.167: event init
000.402  000.216: early init
000.977  000.575: locale set
001.164  000.187: init first window
001.841  000.677: inits 1
001.880  000.039: window checked
001.888  000.008: parsing arguments
002.707  000.112  000.112: require('vim.shared')
002.874  000.063  000.063: require('vim._options')
002.877  000.161  000.098: require('vim._editor')
002.879  000.370  000.096: require('vim._init_packages')
002.882  000.624: init lua interpreter
006.155  003.273: expanding arguments
006.247  000.092: inits 2
006.678  000.431: init highlight
006.681  000.003: waiting for UI
006.949  000.268: done waiting for UI
006.956  000.007: clear screen
007.247  000.291: init default mappings & autocommands
008.095  000.114  000.114: sourcing /usr/local/Cellar/neovim/0.9.5/share/nvim/runtime/ftplugin.vim
008.229  000.033  000.033: sourcing /usr/local/Cellar/neovim/0.9.5/share/nvim/runtime/indent.vim
009.157  000.534  000.534: require('jozhw.core.options')
009.703  000.012  000.012: require('vim.keymap')
012.782  000.315  000.315: require('vim.lsp.log')
013.694  000.909  000.909: require('vim.lsp.protocol')
015.522  000.498  000.498: require('vim.lsp._snippet')
015.745  000.219  000.219: require('vim.highlight')
015.753  000.005  000.005: require('vim.F')
015.777  002.078  001.356: require('vim.lsp.util')
015.797  003.880  000.578: require('vim.lsp.handlers')
016.923  001.124  001.124: require('vim.lsp.rpc')
017.380  000.448  000.448: require('vim.lsp.sync')
017.930  000.547  000.547: require('vim.lsp.semantic_tokens')
018.538  000.603  000.603: require('vim.lsp.buf')
018.805  000.264  000.264: require('vim.lsp.diagnostic')
019.139  000.331  000.331: require('vim.lsp.codelens')
019.215  009.017  001.821: require('vim.lsp')
019.489  010.317  001.287: require('jozhw.core.remap')
019.492  011.036  000.185: require('jozhw.core')
020.545  000.821  000.821: require('lazy')
020.587  000.022  000.022: require('ffi')
020.631  000.041  000.041: require('vim.loader')
020.754  000.036  000.036: require('vim.fs')
021.047  000.390  000.354: require('lazy.stats')
021.289  000.190  000.190: require('lazy.core.util')
021.620  000.328  000.328: require('lazy.core.config')
022.058  000.182  000.182: require('lazy.core.handler')
022.338  000.276  000.276: require('lazy.core.plugin')
022.349  000.726  000.268: require('lazy.core.loader')
023.184  000.202  000.202: require('jozhw.plugins')
023.355  000.152  000.152: require('jozhw.plugins.autopairs')
023.497  000.129  000.129: require('jozhw.plugins.conform')
023.692  000.182  000.182: require('jozhw.plugins.dap')
023.969  000.244  000.244: require('jozhw.plugins.formating')
024.191  000.173  000.173: require('jozhw.plugins.fugitive')
024.331  000.124  000.124: require('jozhw.plugins.harpoon')
024.515  000.166  000.166: require('jozhw.plugins.linting')
024.659  000.126  000.126: require('jozhw.plugins.lsp-zero')
024.880  000.159  000.159: require('jozhw.plugins.neorg')
025.009  000.109  000.109: require('jozhw.plugins.rose-pine')
025.125  000.105  000.105: require('jozhw.plugins.rust-tools')
025.242  000.105  000.105: require('jozhw.plugins.surround')
025.390  000.136  000.136: require('jozhw.plugins.telescope')
025.570  000.124  000.124: require('jozhw.plugins.treesitter')
025.757  000.118  000.118: require('jozhw.plugins.treesitter-playground')
026.018  000.243  000.243: require('jozhw.plugins.trouble')
026.203  000.145  000.145: require('jozhw.plugins.undotree')
026.408  000.194  000.194: require('jozhw.plugins.vimtex')
026.772  000.208  000.208: require('jozhw.plugins.lsp.lspconfig')
027.005  000.189  000.189: require('jozhw.plugins.lsp.mason')
027.851  000.172  000.172: require('lazy.core.handler.event')
028.004  000.148  000.148: require('lazy.core.handler.keys')
028.142  000.134  000.134: require('lazy.core.handler.ft')
028.246  000.100  000.100: require('lazy.core.handler.cmd')
029.004  000.359  000.359: sourcing /usr/local/Cellar/neovim/0.9.5/share/nvim/runtime/filetype.lua
030.853  000.158  000.158: require('rose-pine.config')
030.856  000.677  000.518: require('rose-pine')
030.977  000.103  000.103: require('rose-pine.utilities')
031.112  000.132  000.132: require('rose-pine.palette')
032.279  002.199  001.288: sourcing /Users/johnz.wu/.local/share/nvim/lazy/neovim/colors/rose-pine.lua
032.882  000.174  000.174: sourcing /Users/johnz.wu/.local/share/nvim/lazy/vim-tmux-navigator/plugin/tmux_navigator.vim
035.304  000.183  000.183: require('mason-core.functional')
035.419  000.111  000.111: require('mason-core.path')
035.540  000.118  000.118: require('mason.settings')
035.564  000.561  000.149: require('mason-core.log')
035.566  000.705  000.144: require('mason-core.EventEmitter')
035.675  000.107  000.107: require('mason-core.optional')
036.039  000.186  000.186: require('mason-core.async')
036.234  000.190  000.190: require('mason-core.async.uv')
036.246  000.569  000.193: require('mason-core.fs')
036.387  000.140  000.140: require('mason-registry.sources')
036.636  000.118  000.118: require('mason-core.functional.data')
036.770  000.132  000.132: require('mason-core.functional.function')
036.811  000.420  000.170: require('mason-core.functional.list')
036.843  002.369  000.428: require('mason-registry')
037.378  000.146  000.146: require('mason-core.functional.relation')
037.503  000.116  000.116: require('mason-core.functional.logic')
037.523  000.545  000.283: require('mason-core.platform')
037.679  000.155  000.155: require('mason-lspconfig.settings')
037.685  000.840  000.141: require('mason-lspconfig')
037.696  003.845  000.636: require('mason-tool-installer')
037.728  003.987  000.142: sourcing /Users/johnz.wu/.local/share/nvim/lazy/mason-tool-installer.nvim/plugin/mason-tool-installer.lua
040.962  000.583  000.583: require('nvim-treesitter.utils')
041.723  000.095  000.095: require('vim.treesitter.language')
041.733  000.215  000.120: require('vim.treesitter.query')
041.829  000.094  000.094: require('vim.treesitter._range')
041.836  000.461  000.151: require('vim.treesitter.languagetree')
041.842  000.612  000.151: require('vim.treesitter')
042.357  001.391  000.779: require('nvim-treesitter.parsers')
042.951  000.100  000.100: require('nvim-treesitter.compat')
043.198  000.129  000.129: require('nvim-treesitter.ts_utils')
043.204  000.249  000.120: require('nvim-treesitter.tsrange')
043.305  000.099  000.099: require('nvim-treesitter.caching')
043.316  000.588  000.141: require('nvim-treesitter.query')
043.333  000.793  000.205: require('nvim-treesitter.configs')
043.336  000.976  000.183: require('nvim-treesitter.info')
043.515  000.177  000.177: require('nvim-treesitter.shell_command_selectors')
043.547  003.475  000.348: require('nvim-treesitter.install')
043.652  000.103  000.103: require('nvim-treesitter.statusline')
043.797  000.144  000.144: require('nvim-treesitter.query_predicates')
043.800  004.314  000.592: require('nvim-treesitter')
044.108  004.732  000.418: sourcing /Users/johnz.wu/.local/share/nvim/lazy/nvim-treesitter/plugin/nvim-treesitter.lua
044.149  005.218  000.485: require('nvim-treesitter.parsers')
044.151  006.028  000.810: require('nvim-treesitter-playground')
044.248  006.248  000.220: sourcing /Users/johnz.wu/.local/share/nvim/lazy/playground/plugin/nvim-treesitter-playground.lua
044.744  000.188  000.188: sourcing /Users/johnz.wu/.local/share/nvim/lazy/nvim-dap/plugin/dap.lua
046.176  000.954  000.954: sourcing /Users/johnz.wu/.local/share/nvim/lazy/vim-fugitive/plugin/fugitive.vim
046.325  000.013  000.013: sourcing /Users/johnz.wu/.local/share/nvim/lazy/vim-fugitive/ftdetect/fugitive.vim
047.174  000.159  000.159: sourcing /Users/johnz.wu/.local/share/nvim/lazy/undotree/plugin/undotree.vim
047.725  000.035  000.035: sourcing /Users/johnz.wu/.local/share/nvim/lazy/vimtex/plugin/vimtex.vim
047.882  000.021  000.021: sourcing /Users/johnz.wu/.local/share/nvim/lazy/vimtex/ftdetect/cls.vim
047.971  000.017  000.017: sourcing /Users/johnz.wu/.local/share/nvim/lazy/vimtex/ftdetect/tex.vim
048.053  000.016  000.016: sourcing /Users/johnz.wu/.local/share/nvim/lazy/vimtex/ftdetect/tikz.vim
051.339  000.032  000.032: sourcing /Users/johnz.wu/.local/share/nvim/lazy/plenary.nvim/plugin/plenary.vim
052.426  000.220  000.220: require('plenary.bit')
052.566  000.137  000.137: require('plenary.functional')
052.623  001.173  000.816: require('plenary.path')
052.701  002.259  001.055: require('plenary.log')
052.727  002.405  000.145: require('lsp-file-operations.log')
052.733  003.102  000.697: require('lsp-file-operations')
054.190  000.181  000.181: sourcing /Users/johnz.wu/.local/share/nvim/lazy/nvim-lspconfig/plugin/lspconfig.lua
054.761  000.267  000.267: require('lspconfig.util')
054.889  000.125  000.125: require('lspconfig.async')
054.892  000.542  000.151: require('lspconfig.configs')
054.895  000.675  000.133: require('lspconfig')
055.165  000.142  000.142: require('cmp_nvim_lsp.source')
055.168  000.272  000.129: require('cmp_nvim_lsp')
055.330  000.124  000.124: require('lspconfig.server_configurations.html')
056.019  000.184  000.184: require('lspconfig.manager')
056.173  000.146  000.146: require('lspconfig.server_configurations.tsserver')
056.758  000.150  000.150: require('lspconfig.server_configurations.cssls')
057.126  000.200  000.200: require('lspconfig.server_configurations.tailwindcss')
057.684  000.189  000.189: require('lspconfig.server_configurations.prismals')
058.066  000.136  000.136: require('lspconfig.server_configurations.graphql')
058.359  000.129  000.129: require('lspconfig.server_configurations.emmet_ls')
058.633  000.138  000.138: require('lspconfig.server_configurations.pyright')
059.124  000.236  000.236: require('lspconfig.server_configurations.lua_ls')
061.023  001.172  001.172: require('cmp.utils.api')
061.596  000.243  000.243: require('cmp.types.cmp')
062.048  000.187  000.187: require('cmp.utils.misc')
062.063  000.463  000.276: require('cmp.types.lsp')
062.159  000.095  000.095: require('cmp.types.vim')
062.162  001.131  000.331: require('cmp.types')
062.256  000.093  000.093: require('cmp.utils.highlight')
062.439  000.088  000.088: require('cmp.utils.debug')
062.451  000.193  000.104: require('cmp.utils.autocmd')
062.797  003.113  000.524: sourcing /Users/johnz.wu/.local/share/nvim/lazy/nvim-cmp/plugin/cmp.lua
064.164  000.974  000.974: require('vim.filetype')
065.368  000.090  000.090: require('luasnip.util.types')
065.373  000.198  000.108: require('luasnip.util.ext_opts')
065.654  000.084  000.084: require('luasnip.util.lazy_table')
065.746  000.089  000.089: require('luasnip.extras.filetype_functions')
065.756  000.286  000.113: require('luasnip.default_config')
065.758  000.384  000.098: require('luasnip.session')
065.761  001.194  000.612: require('luasnip.config')
066.087  000.113  000.113: require('luasnip.util.util')
066.272  000.083  000.083: require('luasnip.nodes.key_indexer')
066.279  000.189  000.106: require('luasnip.nodes.util')
066.463  000.086  000.086: require('luasnip.session.snippet_collection.source')
066.546  000.081  000.081: require('luasnip.util.table')
066.630  000.082  000.082: require('luasnip.util.auto_table')
066.636  000.356  000.107: require('luasnip.session.snippet_collection')
066.918  000.086  000.086: require('luasnip.util.select')
067.003  000.082  000.082: require('luasnip.util.time')
067.352  000.610  000.443: require('luasnip.util._builtin_vars')
067.390  000.034  000.034: require('vim.inspect')
067.496  000.859  000.214: require('luasnip.util.environ')
067.611  000.113  000.113: require('luasnip.util.extend_decorator')
067.870  000.157  000.157: require('luasnip.util.path')
068.141  000.150  000.150: require('luasnip.util.log')
068.149  000.272  000.122: require('luasnip.loaders.util')
068.248  000.098  000.098: require('luasnip.loaders.data')
068.404  000.154  000.154: require('luasnip.loaders.fs_watchers')
068.409  000.795  000.115: require('luasnip.loaders')
068.439  002.673  000.248: require('luasnip')
068.470  005.417  000.576: sourcing /Users/johnz.wu/.local/share/nvim/lazy/LuaSnip/plugin/luasnip.lua
068.613  000.034  000.034: sourcing /Users/johnz.wu/.local/share/nvim/lazy/LuaSnip/plugin/luasnip.vim
069.397  000.292  000.292: require('vim.diagnostic')
069.413  000.472  000.180: require('lsp-zero.setup')
069.415  000.546  000.074: sourcing /Users/johnz.wu/.local/share/nvim/lazy/lsp-zero.nvim/plugin/lsp-zero.lua
070.512  000.049  000.049: sourcing /Users/johnz.wu/.local/share/nvim/lazy/nvim-web-devicons/plugin/nvim-web-devicons.vim
070.732  000.053  000.053: sourcing /Users/johnz.wu/.local/share/nvim/lazy/trouble.nvim/plugin/trouble.vim
072.099  000.165  000.165: require('trouble.config')
072.104  000.284  000.120: require('trouble.util')
072.217  000.111  000.111: require('trouble.providers.qf')
072.335  000.116  000.116: require('trouble.providers.telescope')
072.437  000.100  000.100: require('trouble.providers.lsp')
072.535  000.097  000.097: require('trouble.providers.diagnostic')
072.539  000.829  000.121: require('trouble.providers')
072.635  000.094  000.094: require('trouble.text')
072.761  000.123  000.123: require('trouble.folds')
072.764  001.164  000.117: require('trouble.renderer')
072.775  001.334  000.171: require('trouble.view')
072.874  000.098  000.098: require('trouble.colors')
072.937  002.115  000.683: require('trouble')
073.571  000.241  000.241: sourcing /Users/johnz.wu/.local/share/nvim/lazy/telescope.nvim/plugin/telescope.lua
074.187  000.075  000.075: sourcing /Users/johnz.wu/.local/share/nvim/lazy/neorg/ftdetect/norg.lua
075.097  000.113  000.113: require('neorg.core.callbacks')
075.234  000.134  000.134: require('neorg.core.config')
075.391  000.154  000.154: require('neorg.core.lib')
075.553  000.160  000.160: require('neorg.core.log')
076.061  000.181  000.181: require('vim.version')
077.622  001.912  001.732: require('neorg.core.utils')
077.630  002.075  000.163: require('neorg.core.modules')
077.633  002.786  000.150: require('neorg.core')
077.636  003.437  000.651: require('neorg')
078.782  000.152  000.152: require('neorg.modules.core.concealer.preset_basic')
079.175  000.135  000.135: require('neorg.modules.core.concealer.preset_varied')
079.531  000.132  000.132: require('neorg.modules.core.concealer.preset_diamond')
079.605  001.794  001.375: require('neorg.modules.core.concealer.module')
080.028  000.405  000.405: require('neorg.modules.core.autocommands.module')
080.319  000.275  000.275: require('neorg.modules.core.integrations.treesitter.module')
080.574  000.245  000.245: require('neorg.modules.core.highlights.module')
084.144  000.194  000.194: require('neorg.modules.core.mode.module')
085.156  000.578  000.578: require('neorg.modules.core.dirman.module')
086.594  000.506  000.506: require('neorg.modules.core.ui.selection_popup')
087.263  000.326  000.326: require('neorg.modules.core.ui.text_popup')
087.292  002.095  001.263: require('neorg.modules.core.ui.module')
087.653  000.281  000.281: require('neorg.modules.core.storage.module')
088.067  000.196  000.196: require('neorg.modules.core.defaults.module')
088.244  000.159  000.159: require('neorg.modules.core.clipboard.module')
088.368  000.100  000.100: require('neorg.modules.core.clipboard.code-blocks.module')
088.530  000.150  000.150: require('neorg.modules.core.esupports.hop.module')
088.645  000.106  000.106: require('neorg.modules.core.dirman.utils.module')
088.880  000.197  000.197: require('neorg.modules.core.esupports.indent.module')
089.180  000.216  000.216: require('neorg.modules.core.esupports.metagen.module')
089.449  000.163  000.163: require('neorg.modules.core.itero.module')
089.617  000.143  000.143: require('neorg.modules.core.journal.module')
090.230  000.156  000.156: require('neorg.modules.core.keybinds.keybinds')
090.258  000.622  000.466: require('neorg.modules.core.keybinds.module')
090.400  000.135  000.135: require('neorg.modules.core.neorgcmd.module')
090.549  000.135  000.135: require('neorg.modules.core.neorgcmd.commands.return.module')
090.966  000.161  000.161: require('neorg.modules.core.looking-glass.module')
091.151  000.160  000.160: require('neorg.modules.core.pivot.module')
091.364  000.161  000.161: require('neorg.modules.core.promo.module')
091.661  000.162  000.162: require('neorg.modules.core.qol.toc.module')
092.056  000.355  000.355: require('neorg.modules.core.qol.todo_items.module')
092.761  000.353  000.353: require('neorg.modules.core.tangle.module')
093.349  000.120  000.120: sourcing /usr/local/Cellar/neovim/0.9.5/share/nvim/runtime/plugin/editorconfig.lua
093.634  000.188  000.188: sourcing /usr/local/Cellar/neovim/0.9.5/share/nvim/runtime/plugin/gzip.vim
093.725  000.012  000.012: sourcing /usr/local/Cellar/neovim/0.9.5/share/nvim/runtime/plugin/health.vim
093.885  000.093  000.093: sourcing /usr/local/Cellar/neovim/0.9.5/share/nvim/runtime/plugin/man.lua
095.824  000.310  000.310: sourcing /usr/local/Cellar/neovim/0.9.5/share/nvim/runtime/pack/dist/opt/matchit/plugin/matchit.vim
096.245  002.282  001.971: sourcing /usr/local/Cellar/neovim/0.9.5/share/nvim/runtime/plugin/matchit.vim
096.605  000.169  000.169: sourcing /usr/local/Cellar/neovim/0.9.5/share/nvim/runtime/plugin/matchparen.vim
096.966  000.283  000.283: sourcing /usr/local/Cellar/neovim/0.9.5/share/nvim/runtime/plugin/netrwPlugin.vim
097.127  000.077  000.077: sourcing /usr/local/Cellar/neovim/0.9.5/share/nvim/runtime/plugin/nvim.lua
097.413  000.012  000.012: sourcing /Users/johnz.wu/.local/share/nvim/rplugin.vim
097.421  000.215  000.202: sourcing /usr/local/Cellar/neovim/0.9.5/share/nvim/runtime/plugin/rplugin.vim
097.600  000.104  000.104: sourcing /usr/local/Cellar/neovim/0.9.5/share/nvim/runtime/plugin/shada.vim
097.740  000.019  000.019: sourcing /usr/local/Cellar/neovim/0.9.5/share/nvim/runtime/plugin/spellfile.vim
097.906  000.092  000.092: sourcing /usr/local/Cellar/neovim/0.9.5/share/nvim/runtime/plugin/tarPlugin.vim
098.158  000.174  000.174: sourcing /usr/local/Cellar/neovim/0.9.5/share/nvim/runtime/plugin/tohtml.vim
098.252  000.016  000.016: sourcing /usr/local/Cellar/neovim/0.9.5/share/nvim/runtime/plugin/tutor.vim
098.443  000.117  000.117: sourcing /usr/local/Cellar/neovim/0.9.5/share/nvim/runtime/plugin/zipPlugin.vim
098.832  000.079  000.079: sourcing /Users/johnz.wu/.local/share/nvim/lazy/cmp-nvim-lsp/after/plugin/cmp_nvim_lsp.lua
101.104  000.177  000.177: require('rose-pine.palette')
101.928  001.453  001.276: sourcing /Users/johnz.wu/.local/share/nvim/lazy/neovim/colors/rose-pine.lua
102.767  003.702  002.248: sourcing /Users/johnz.wu/.config/nvim/after/plugin/colors.lua
103.522  000.122  000.122: require('dap.utils')
103.545  000.423  000.301: require('dap')
103.861  000.094  000.094: require('dapui.async.tasks')
103.957  000.093  000.093: require('dapui.async.control')
104.129  000.170  000.170: require('dapui.async.uv')
104.230  000.098  000.098: require('dapui.async.tests')
104.433  000.115  000.115: require('vim.ui')
104.437  000.205  000.090: require('dapui.async.ui')
104.530  000.091  000.091: require('dapui.async.lsp')
104.536  000.870  000.118: require('dapui.async')
104.900  000.113  000.113: require('dapui.config.highlights')
104.989  000.349  000.236: require('dapui.config')
104.995  000.457  000.108: require('dapui.util')
105.102  000.106  000.106: require('dapui.windows.layout')
105.106  001.559  000.125: require('dapui.windows')
105.210  000.103  000.103: require('dapui.controls')
105.215  002.264  000.180: require('dapui')
105.691  000.157  000.157: require('dapui.logging')
105.837  000.142  000.142: require('dapui.client.types')
105.841  000.421  000.122: require('dapui.client')
105.977  000.134  000.134: require('dap.breakpoints')
106.081  000.095  000.095: require('dapui.client.lib')
106.293  000.111  000.111: require('dapui.render.canvas')
106.296  000.206  000.095: require('dapui.elements.breakpoints')
106.507  000.199  000.199: require('dapui.components.breakpoints')
106.698  000.171  000.171: require('dapui.elements.repl')
106.889  000.188  000.188: require('dapui.elements.scopes')
107.324  000.405  000.405: require('dapui.components.scopes')
107.603  000.271  000.271: require('dapui.components.variables')
107.873  000.239  000.239: require('dapui.elements.stacks')
108.304  000.136  000.136: require('dapui.components.frames')
108.308  000.403  000.267: require('dapui.components.threads')
108.509  000.121  000.121: require('dapui.elements.watches')
108.668  000.146  000.146: require('dapui.components.watches')
108.899  000.174  000.174: require('dapui.elements.hover')
109.030  000.120  000.120: require('dapui.components.hover')
109.158  000.120  000.120: require('dapui.elements.console')
109.303  006.418  000.740: sourcing /Users/johnz.wu/.config/nvim/after/plugin/dap_config.lua
109.539  000.092  000.092: sourcing /Users/johnz.wu/.config/nvim/after/plugin/fugitive.lua
110.325  000.163  000.163: require('plenary.job')
110.329  000.301  000.138: require('harpoon.utils')
110.552  000.221  000.221: require('harpoon.dev')
111.610  001.740  001.218: require('harpoon')
111.620  001.924  000.184: require('harpoon.mark')
112.183  000.127  000.127: require('plenary.strings')
112.187  000.262  000.136: require('plenary.window.border')
112.287  000.099  000.099: require('plenary.window')
112.379  000.089  000.089: require('plenary.popup.utils')
112.384  000.596  000.145: require('plenary.popup')
112.389  000.767  000.171: require('harpoon.ui')
112.467  002.837  000.146: sourcing /Users/johnz.wu/.config/nvim/after/plugin/harpoon.lua
113.108  000.156  000.156: require('lsp-zero.server')
1449.642  000.690  000.690: require('lsp-zero.cmp')
1451.178  000.347  000.347: require('cmp.utils.char')
1451.198  000.650  000.302: require('cmp.utils.str')
1452.058  000.253  000.253: require('cmp.utils.buffer')
1452.078  000.591  000.338: require('cmp.utils.keymap')
1452.087  000.884  000.293: require('cmp.utils.feedkeys')
1453.356  000.331  000.331: require('cmp.config.mapping')
1453.668  000.301  000.301: require('cmp.utils.cache')
1454.291  000.319  000.319: require('cmp.config.compare')
1454.297  000.619  000.301: require('cmp.config.default')
1454.332  001.719  000.468: require('cmp.config')
1454.390  002.299  000.579: require('cmp.utils.async')
1454.850  000.217  000.217: require('cmp.utils.pattern')
1454.860  000.466  000.249: require('cmp.context')
1456.041  000.423  000.423: require('cmp.matcher')
1456.076  000.926  000.503: require('cmp.entry')
1456.104  001.241  000.315: require('cmp.source')
1457.128  000.540  000.540: require('cmp.utils.event')
1458.205  000.320  000.320: require('cmp.utils.options')
1458.221  000.714  000.394: require('cmp.utils.window')
1458.226  001.085  000.372: require('cmp.view.docs_view')
1458.718  000.489  000.489: require('cmp.view.custom_entries_view')
1459.156  000.432  000.432: require('cmp.view.wildmenu_entries_view')
1459.484  000.323  000.323: require('cmp.view.native_entries_view')
1459.883  000.394  000.394: require('cmp.view.ghost_text_view')
1459.912  003.804  000.541: require('cmp.view')
1461.569  011.457  002.114: require('cmp.core')
1462.190  000.330  000.330: require('cmp.config.sources')
1462.457  000.234  000.234: require('cmp.config.window')
1462.577  012.921  000.900: require('cmp')
1464.021  000.310  000.310: require('lsp-zero.api')
1464.036  1351.212  1337.134: require('lsp-zero')
6071.994  5959.308  4608.096: sourcing /Users/johnz.wu/.config/nvim/after/plugin/lsp.lua
6073.227  000.414  000.414: require('mason')
6074.171  000.375  000.375: require('mason-core.functional.string')
6074.253  000.969  000.593: require('mason.api.command')
6075.223  000.285  000.285: require('mason-lspconfig.notify')
6075.240  000.709  000.424: require('mason-lspconfig.lspconfig_hook')
6076.083  000.381  000.381: require('mason-core.functional.table')
6076.185  000.941  000.560: require('mason-lspconfig.mappings.server')
6076.480  000.286  000.286: require('mason-lspconfig.server_config_extensions')
6076.812  000.326  000.326: require('lspconfig.server_configurations.omnisharp')
6077.154  000.271  000.271: require('mason-lspconfig.ensure_installed')
6077.847  000.350  000.350: require('mason-core.result')
6078.901  000.436  000.436: require('mason-core.process')
6079.308  000.401  000.401: require('mason-core.spawn')
6079.325  001.173  000.337: require('mason-core.managers.powershell')
6079.584  000.255  000.255: require('mason.version')
6079.596  001.743  000.315: require('mason-core.fetch')
6079.978  000.292  000.292: require('mason-core.providers')
6081.145  000.549  000.549: require('mason-core.purl')
6081.186  000.946  000.397: require('mason-core.package')
6082.476  000.497  000.497: require('mason-core.installer.registry.expr')
6082.511  000.941  000.444: require('mason-core.installer.registry.link')
6085.728  000.307  000.307: require('mason-core.receipt')
6085.778  000.665  000.359: require('mason-core.installer.context')
6086.031  000.249  000.249: require('mason-core.async.control')
6086.286  000.250  000.250: require('mason-core.installer.linker')
6086.301  001.513  000.348: require('mason-core.installer')
6086.345  001.940  000.427: require('mason-core.installer.managers.std')
6086.349  003.833  001.893: require('mason-core.installer.registry.schemas')
6086.580  000.229  000.229: require('mason-core.installer.registry.util')
6086.617  005.427  000.425: require('mason-core.installer.registry')
6086.624  006.641  000.268: require('mason-registry.sources.util')
6086.651  009.482  000.456: require('mason-registry.sources.github')
6098.324  000.426  000.426: require('mason-core.functional.number')
6098.406  001.105  000.679: require('mason-lspconfig.api.command')
6098.635  026.221  011.718: sourcing /Users/johnz.wu/.config/nvim/after/plugin/lsp/mason.lua
6099.492  000.376  000.376: require('rust-tools')
6107.270  000.329  000.329: require('mason-core.functional.type')
6113.624  000.357  000.357: require('rust-tools.dap')
6114.062  000.184  000.184: require('rust-tools.utils.utils')
6114.071  000.428  000.243: require('rust-tools.code_action_group')
6114.243  000.168  000.168: require('rust-tools.cached_commands')
6114.402  000.155  000.155: require('rust-tools.commands')
6114.891  000.157  000.157: require('rust-tools.executors.termopen')
6115.048  000.153  000.153: require('rust-tools.executors.quickfix')
6115.204  000.152  000.152: require('rust-tools.executors.toggleterm')
6115.354  000.147  000.147: require('rust-tools.executors.vimux')
6115.359  000.785  000.176: require('rust-tools.executors')
6115.366  000.960  000.176: require('rust-tools.config')
6115.596  000.227  000.227: require('rust-tools.crate_graph')
6115.761  000.160  000.160: require('rust-tools.debuggables')
6115.920  000.154  000.154: require('rust-tools.expand_macro')
6116.073  000.148  000.148: require('rust-tools.external_docs')
6116.237  000.160  000.160: require('rust-tools.hover_actions')
6116.388  000.147  000.147: require('rust-tools.hover_range')
6116.558  000.167  000.167: require('rust-tools.inlay_hints')
6116.721  000.151  000.151: require('rust-tools.join_lines')
6117.086  000.160  000.160: require('rust-tools.server_status')
6117.095  000.370  000.211: require('rust-tools.lsp')
6117.260  000.162  000.162: require('rust-tools.move_item')
6117.419  000.155  000.155: require('rust-tools.open_cargo_toml')
6117.593  000.170  000.170: require('rust-tools.parent_module')
6117.774  000.176  000.176: require('rust-tools.runnables')
6117.938  000.160  000.160: require('rust-tools.ssr')
6118.111  000.168  000.168: require('rust-tools.standalone')
6118.272  000.157  000.157: require('rust-tools.workspace_refresh')
6119.198  000.385  000.385: require('lspconfig.server_configurations.rust_analyzer')
6122.152  023.265  017.274: sourcing /Users/johnz.wu/.config/nvim/after/plugin/rust_config.lua
6122.856  000.352  000.352: require('telescope.builtin')
6122.905  000.526  000.174: sourcing /Users/johnz.wu/.config/nvim/after/plugin/telescope.lua
6126.540  000.223  000.223: require('nvim-treesitter.highlight')
6126.710  003.635  003.412: sourcing /Users/johnz.wu/.config/nvim/after/plugin/treesitter.lua
6127.077  000.194  000.194: sourcing /Users/johnz.wu/.config/nvim/after/plugin/trouble.lua
6127.341  000.107  000.107: sourcing /Users/johnz.wu/.config/nvim/after/plugin/undotree.lua
6127.584  000.107  000.107: sourcing /Users/johnz.wu/.config/nvim/after/plugin/vimtex.lua
6127.744  6108.250  026.547: require('jozhw.lazy')
6127.748  6119.321  000.035: sourcing /Users/johnz.wu/.config/nvim/init.lua
6127.832  001.117: sourcing vimrc file(s)
6128.728  000.155  000.155: sourcing /usr/local/Cellar/neovim/0.9.5/share/nvim/runtime/filetype.lua
6129.595  000.156  000.156: sourcing /usr/local/Cellar/neovim/0.9.5/share/nvim/runtime/syntax/synload.vim
6129.861  000.805  000.649: sourcing /usr/local/Cellar/neovim/0.9.5/share/nvim/runtime/syntax/syntax.vim
6129.885  001.093: inits 3
6135.482  005.597: reading ShaDa
6136.173  000.214  000.214: require('luasnip.util.directed_graph')
6136.338  000.161  000.161: require('luasnip.session.enqueueable_operations')
6136.351  000.728  000.353: require('luasnip.loaders.from_lua')
6137.493  000.146  000.146: require('luasnip.util.events')
6137.513  000.384  000.238: require('luasnip.nodes.node')
6137.817  000.302  000.302: require('luasnip.nodes.insertNode')
6138.067  000.246  000.246: require('luasnip.nodes.textNode')
6138.249  000.176  000.176: require('luasnip.util.mark')
6138.413  000.161  000.161: require('luasnip.util.pattern_tokenizer')
6138.556  000.139  000.139: require('luasnip.util.dict')
6139.682  000.966  000.966: require('luasnip.util.jsregexp')
6139.692  001.132  000.166: require('luasnip.nodes.util.trig_engines')
6139.796  002.950  000.411: require('luasnip.nodes.snippet')
6139.804  003.101  000.151: require('luasnip.nodes.duplicate')
6139.808  003.253  000.152: require('luasnip.loaders.snippet_cache')
6139.822  003.465  000.212: require('luasnip.loaders.from_snipmate')
6140.305  000.245  000.245: require('luasnip.util.jsonc')
6140.319  000.493  000.248: require('luasnip.loaders.from_vscode')
6140.599  000.430: opening buffers
6140.860  000.261: BufEnter autocommands
6140.864  000.004: editing files in windows
6141.051  000.187: VimEnter autocommands
6141.104  000.053: UIEnter autocommands
6141.651  000.233  000.233: sourcing /usr/local/Cellar/neovim/0.9.5/share/nvim/runtime/autoload/provider/clipboard.vim
6141.662  000.325: before starting main loop
6651.258  509.597: first screen update
6651.264  000.006: --- NVIM STARTED ---


times in msec
 clock   self+sourced   self:  sourced script
 clock   elapsed:              other lines

000.022  000.022: --- NVIM STARTING ---
000.211  000.188: event init
000.490  000.279: early init
001.183  000.693: locale set
001.327  000.144: init first window
002.141  000.814: inits 1
002.160  000.019: window checked
002.170  000.010: parsing arguments
003.083  000.096  000.096: require('vim.shared')
003.286  000.077  000.077: require('vim._options')
003.289  000.201  000.124: require('vim._editor')
003.292  000.402  000.104: require('vim._init_packages')
003.295  000.723: init lua interpreter
005.212  001.916: expanding arguments
005.298  000.086: inits 2
005.791  000.493: init highlight
